# 2026 매일운세 빌드 히스토리 (Build History Log)

| 일시 (Time) | 커밋 ID (Commit) | 산출물 (Artifact) | 비고 (Notes) |
| :--- | :--- | :--- | :--- |
| 2026-02-08 12:25 | [현재] | PROJECT_GOLDEN_RULES.md | 프로젝트 관리 규칙 확립 |
| 2026-02-08 11:30 | bfaf3a6 | 2026매일운세_v4.3_AD_FINAL.aab | 광고 및 아이콘 최종 수정본 (GOLDEN) |
| 2026-02-07 22:04 | aa171bf | 2026매일운세_ver_1.0.apk | 원본 바이너리 (8.9MB) 보존 시점 |
| 2026-02-08 15:32 | 5047060 | 2026매일운명_v4.5_FINAL.apk | 앱 이름 변경 및 버그 최종 수정 (Icon, Ads, Images) |
| 2026-02-08 15:40 | 5047060 | 2026매일운명_v4.5_FINAL.aab | 구글 플레이 스토어 출시용 App Bundle (Signed) |
| 2026-02-08 15:43 | 5047060(+1) | 2026매일운명_v4.6_FINAL_VC4014.aab | 버전 코드 충돌 해결 (4013 -> 4014) |
| 2026-02-08 16:21 | 40b5f84 | 2026매일운명_v4.7_FINAL_VC4015_KOREAN.aab | 한글화 복구 시도 (UI Structure Mismatch) |
| 2026-02-08 17:42 | d5e695d | 2026매일운명_v4.8_GOLDEN_REAL_VC4016.aab | **Golden Version UI Restore** (zero_build.html) & Code- **v4.9.3 (VC: 4020) [2026-02-08]**: App Name -> '데일리 운'. Removed '2026'. Dual Build (Test/Store).
- **v4.9.4 (VC: 4021) [2026-02-08]**: UI Update (Result Padding, Selection/Input No-Scroll). Ad Control (Hide on Splash). Dual Build.
- **v4.9.5 (VC: 4021) [2026-02-08]**: Fix: Restore 'Test Ad Placeholder' in Test APK. (Store AAB is clean).
- **v4.9.6 (VC: 4022) [2026-02-08]**: UI Fix (Increased Padding for Ad Safety). Force-Sync Assets.
- **v4.9.7 (VC: 4023) [2026-02-08]**: UI Layout Fix (120px Bottom Padding on All Views). Force-Sync.
- **v4.9.8 (VC: 4024) [2026-02-08]**: UI Polish: Icon Fitting, Remove English Subtitles, Enlarge Collection Button.
- **v4.9.9 (VC: 4025) [2026-02-08]**: Safety Fix: Bottom Padding 110px (for Smart Banner). Compact Top Spacing.
 & AAB(Store) | **KeyStore 검증 완료**. 동일 소스(v4.8)로 APK/AAB 동시 생성 |
| 2026-02-08 18:00 | d5e695d* | **매일운명_v4.9_FINAL_VC4017** | **아이콘 복구(Crystal Ball)**, 앱 이름 '2026' 제거 완료 |
| 2026-02-08 18:07 | d5e695d* | **매일운명_v4.9.1_REAL_FINAL** | **긴급 수정**: `logic.js` 내 "2026" 제거, 타이틀 수정, 아이콘 재확인 |
| 2026-02-08 18:14 | d5e695d* | **매일운명_v4.9.2_ICON_FIXED** | **아이콘 강제 적용**: Adaptive Icon XML 제거 -> PNG 강제 사용 |
| 2026-02-08 18:27 | d5e695d* | **데일리운_v4.9.3_FINAL** | **앱 이름 변경 ('데일리 운')**, Test(배너포함) / Store(배너제거) 분리 빌드 |

---
*AI는 모든 빌드 성공 시 이 로그를 강제로 업데이트해야 합니다.*
